# JRE version: Java(TM) SE Runtime Environment (17.0.1+12) (build 17.0.1+12-LTS-39)
# Java VM: Java HotSpot(TM) 64-Bit Server VM (17.0.1+12-LTS-39, mixed mode, sharing, tiered, compressed oops, compressed class ptrs, g1 gc, windows-amd64)
GC Precious Log:
 CPUs: 4 total, 4 available
 Memory: 3918M
 Large Page Support: Disabled
 NUMA Support: Disabled
 Compressed Oops: Enabled (32-bit)
 Heap Region Size: 1M
 Heap Min Capacity: 8M
 Heap Initial Capacity: 62M
 Heap Max Capacity: 980M
 Pre-touch: Disabled
 Parallel Workers: 4
 Concurrent Workers: 1
 Concurrent Refinement Workers: 4
 Periodic GC: Disabled
Heap:
 garbage-first heap   total 78848K, used 59700K [0x00000000c2c00000, 0x0000000100000000)
  region size 1024K, 39 young (39936K), 5 survivors (5120K)
 Metaspace       used 58958K, committed 59392K, reserved 1105920K
  class space    used 8139K, committed 8320K, reserved 1048576K
GC Heap History (20 events):
Event: 11.227 GC heap before
{Heap before GC invocations=3 (full 0):
 garbage-first heap   total 63488K, used 34627K [0x00000000c2c00000, 0x0000000100000000)
  region size 1024K, 28 young (28672K), 3 survivors (3072K)
 Metaspace       used 15437K, committed 15680K, reserved 1064960K
  class space    used 1910K, committed 1984K, reserved 1048576K
}
Event: 11.236 GC heap after
{Heap after GC invocations=4 (full 0):
 garbage-first heap   total 63488K, used 12209K [0x00000000c2c00000, 0x0000000100000000)
  region size 1024K, 4 young (4096K), 4 survivors (4096K)
 Metaspace       used 15437K, committed 15680K, reserved 1064960K
  class space    used 1910K, committed 1984K, reserved 1048576K
}
Event: 11.257 GC heap before
{Heap before GC invocations=4 (full 0):
 garbage-first heap   total 63488K, used 39857K [0x00000000c2c00000, 0x0000000100000000)
  region size 1024K, 32 young (32768K), 4 survivors (4096K)
 Metaspace       used 15522K, committed 15744K, reserved 1064960K
  class space    used 1920K, committed 1984K, reserved 1048576K
}
Event: 11.263 GC heap after
{Heap after GC invocations=5 (full 0):
 garbage-first heap   total 63488K, used 12752K [0x00000000c2c00000, 0x0000000100000000)
  region size 1024K, 1 young (1024K), 1 survivors (1024K)
 Metaspace       used 15522K, committed 15744K, reserved 1064960K
  class space    used 1920K, committed 1984K, reserved 1048576K
}
Event: 11.286 GC heap before
{Heap before GC invocations=5 (full 0):
 garbage-first heap   total 63488K, used 44496K [0x00000000c2c00000, 0x0000000100000000)
  region size 1024K, 33 young (33792K), 1 survivors (1024K)
 Metaspace       used 15662K, committed 15872K, reserved 1064960K
  class space    used 1923K, committed 1984K, reserved 1048576K
}
Event: 11.287 GC heap after
{Heap after GC invocations=6 (full 0):
 garbage-first heap   total 63488K, used 12329K [0x00000000c2c00000, 0x0000000100000000)
  region size 1024K, 1 young (1024K), 1 survivors (1024K)
 Metaspace       used 15662K, committed 15872K, reserved 1064960K
  class space    used 1923K, committed 1984K, reserved 1048576K
}
Event: 11.313 GC heap before
{Heap before GC invocations=6 (full 0):
 garbage-first heap   total 63488K, used 46121K [0x00000000c2c00000, 0x0000000100000000)
  region size 1024K, 35 young (35840K), 1 survivors (1024K)
 Metaspace       used 15736K, committed 16000K, reserved 1064960K
  class space    used 1931K, committed 2048K, reserved 1048576K
}
Event: 11.314 GC heap after
{Heap after GC invocations=7 (full 0):
 garbage-first heap   total 63488K, used 12332K [0x00000000c2c00000, 0x0000000100000000)
  region size 1024K, 1 young (1024K), 1 survivors (1024K)
 Metaspace       used 15736K, committed 16000K, reserved 1064960K
  class space    used 1931K, committed 2048K, reserved 1048576K
}
Event: 12.443 GC heap before
{Heap before GC invocations=7 (full 0):
 garbage-first heap   total 63488K, used 48172K [0x00000000c2c00000, 0x0000000100000000)
  region size 1024K, 37 young (37888K), 1 survivors (1024K)
 Metaspace       used 17777K, committed 18112K, reserved 1064960K
  class space    used 2146K, committed 2304K, reserved 1048576K
}
Event: 12.448 GC heap after
{Heap after GC invocations=8 (full 0):
 garbage-first heap   total 63488K, used 14015K [0x00000000c2c00000, 0x0000000100000000)
  region size 1024K, 2 young (2048K), 2 survivors (2048K)
 Metaspace       used 17777K, committed 18112K, reserved 1064960K
  class space    used 2146K, committed 2304K, reserved 1048576K
}
Event: 13.651 GC heap before
{Heap before GC invocations=8 (full 0):
 garbage-first heap   total 63488K, used 34495K [0x00000000c2c00000, 0x0000000100000000)
  region size 1024K, 23 young (23552K), 2 survivors (2048K)
 Metaspace       used 21214K, committed 21504K, reserved 1073152K
  class space    used 2661K, committed 2816K, reserved 1048576K
}
Event: 13.660 GC heap after
{Heap after GC invocations=9 (full 0):
 garbage-first heap   total 63488K, used 15422K [0x00000000c2c00000, 0x0000000100000000)
  region size 1024K, 4 young (4096K), 4 survivors (4096K)
 Metaspace       used 21214K, committed 21504K, reserved 1073152K
  class space    used 2661K, committed 2816K, reserved 1048576K
}
Event: 16.656 GC heap before
{Heap before GC invocations=10 (full 0):
 garbage-first heap   total 58368K, used 46142K [0x00000000c2c00000, 0x0000000100000000)
  region size 1024K, 34 young (34816K), 4 survivors (4096K)
 Metaspace       used 26333K, committed 26688K, reserved 1073152K
  class space    used 3463K, committed 3648K, reserved 1048576K
}
Event: 16.677 GC heap after
{Heap after GC invocations=11 (full 0):
 garbage-first heap   total 109568K, used 18087K [0x00000000c2c00000, 0x0000000100000000)
  region size 1024K, 5 young (5120K), 5 survivors (5120K)
 Metaspace       used 26333K, committed 26688K, reserved 1073152K
  class space    used 3463K, committed 3648K, reserved 1048576K
}
Event: 21.064 GC heap before
{Heap before GC invocations=11 (full 0):
 garbage-first heap   total 109568K, used 56999K [0x00000000c2c00000, 0x0000000100000000)
  region size 1024K, 44 young (45056K), 5 survivors (5120K)
 Metaspace       used 35748K, committed 36160K, reserved 1081344K
  class space    used 4588K, committed 4800K, reserved 1048576K
}
Event: 21.085 GC heap after
{Heap after GC invocations=12 (full 0):
 garbage-first heap   total 109568K, used 21889K [0x00000000c2c00000, 0x0000000100000000)
  region size 1024K, 7 young (7168K), 7 survivors (7168K)
 Metaspace       used 35748K, committed 36160K, reserved 1081344K
  class space    used 4588K, committed 4800K, reserved 1048576K
}
Event: 24.234 GC heap before
{Heap before GC invocations=13 (full 0):
 garbage-first heap   total 78848K, used 61825K [0x00000000c2c00000, 0x0000000100000000)
  region size 1024K, 46 young (47104K), 7 survivors (7168K)
 Metaspace       used 46540K, committed 47040K, reserved 1097728K
  class space    used 6161K, committed 6400K, reserved 1048576K
}
Event: 24.250 GC heap after
{Heap after GC invocations=14 (full 0):
 garbage-first heap   total 78848K, used 23856K [0x00000000c2c00000, 0x0000000100000000)
  region size 1024K, 3 young (3072K), 3 survivors (3072K)
 Metaspace       used 46540K, committed 47040K, reserved 1097728K
  class space    used 6161K, committed 6400K, reserved 1048576K
}
Event: 26.881 GC heap before
{Heap before GC invocations=14 (full 0):
 garbage-first heap   total 78848K, used 60720K [0x00000000c2c00000, 0x0000000100000000)
  region size 1024K, 39 young (39936K), 3 survivors (3072K)
 Metaspace       used 55771K, committed 56256K, reserved 1097728K
  class space    used 7655K, committed 7872K, reserved 1048576K
}
Event: 26.889 GC heap after
{Heap after GC invocations=15 (full 0):
 garbage-first heap   total 78848K, used 25908K [0x00000000c2c00000, 0x0000000100000000)
  region size 1024K, 5 young (5120K), 5 survivors (5120K)
 Metaspace       used 55771K, committed 56256K, reserved 1097728K
  class space    used 7655K, committed 7872K, reserved 1048576K
}

